proguard.cfg
-optimizationpasses 5
-dontusemixedcaseclassnames
-dontskipnonpubliclibraryclasses
-dontpreverify
-verbose
-optimizations !code/simplification/arithmetic,!field/*,!class/merging/*

-keep public class * extends android.app.Activity
-keep public class * extends android.app.Application
-keep public class * extends android.app.Service
-keep public class * extends android.content.BroadcastReceiver
-keep public class * extends android.content.ContentProvider
-keep public class com.android.vending.licensing.ILicensingService

-keep public class com.devinxutal.tetris.record.SavableLocalScore
-keep public class com.devinxutal.tetris.record.SavableLocalScores

-keep public class com.devinxutal.tetris.model.SavablePlayground
-keep public class com.devinxutal.tetris.model.ScoreAndLevel

-keep public class com.heyzap.sdk.*

-keep class net.youmi.android.** {  
*;  
}

-keepclasseswithmembernames class * {
    native <methods>;
}

-keepclasseswithmembernames class * {
    public <init>(android.content.Context, android.util.AttributeSet);
}

-keepclasseswithmembernames class * {
    public <init>(android.content.Context, android.util.AttributeSet, int);
}

-keepclassmembers enum * {
    public static **[] values();
    public static ** valueOf(java.lang.String);
}

-keep class * implements android.os.Parcelable {
  public static final android.os.Parcelable$Creator *;
}


-keep class com.scoreloop.client.android.ui.** { *; }
-keep class com.scoreloop.client.android.ui.component.achievement.** { *; }
-keep class com.scoreloop.client.android.ui.component.agent.** { *; }
-keep class com.scoreloop.client.android.ui.component.base.** { *; }
-keep class com.scoreloop.client.android.ui.component.challenge.** { *; }
-keep class com.scoreloop.client.android.ui.component.entry.** { *; }
-keep class com.scoreloop.client.android.ui.component.game.** { *; }
-keep class com.scoreloop.client.android.ui.component.market.** { *; }
-keep class com.scoreloop.client.android.ui.component.news.** { *; }
-keep class com.scoreloop.client.android.ui.component.post.** { *; }
-keep class com.scoreloop.client.android.ui.component.profile.** { *; }
-keep class com.scoreloop.client.android.ui.component.score.** { *; }
-keep class com.scoreloop.client.android.ui.component.user.** { *; }
-keep class com.scoreloop.client.android.ui.framework.** { *; }
-keep class com.scoreloop.client.android.ui.util.** { *; }
-keep class com.facebook.android.** { *; }
-keep class com.scoreloop.client.android.core.** { *; }
-keep class com.scoreloop.client.android.core.addon.** { *; }
-keep class com.scoreloop.client.android.core.controller.** { *; }
-keep class com.scoreloop.client.android.core.model.** { *; }
-keep class com.scoreloop.client.android.core.persistence.** { *; }
-keep class com.scoreloop.client.android.core.server.** { *; }
-keep class com.scoreloop.client.android.core.settings.** { *; }
-keep class com.scoreloop.client.android.core.spi.** { *; }
-keep class com.scoreloop.client.android.core.spi.myspace.** { *; }
-keep class com.scoreloop.client.android.core.spi.oauthfacebook.** { *; }
-keep class com.scoreloop.client.android.core.spi.twitter.** { *; }
-keep class com.scoreloop.client.android.core.ui.** { *; }
-keep class com.scoreloop.client.android.core.util.** { *; }


-dontwarn com.sun.mail.imap.protocol.**
-dontwarn com.scoreloop.client.android.core.paymentprovider.paypalx.**
-dontwarn com.scoreloop.client.android.core.paymentprovider.googlemarket.**
-dontwarn com.scoreloop.client.android.core.paymentprovider.fortumo.**
-dontwarn com.scoreloop.client.android.core.ui.**
-dontwarn com.scoreloop.client.android.core.controller.**
-dontwarn com.scoreloop.client.android.core.server.**
-dontwarn com.google.ads.util.**
-dontwarn com.google.ads.internal.**