proguard/seeds.txt
com.scoreloop.client.android.core.paymentprovider.googlemarket.GoogleMarketPaymentUtil$1$1
com.scoreloop.client.android.core.paymentprovider.googlemarket.GoogleMarketPaymentUtil$1$1: com.scoreloop.client.android.core.paymentprovider.googlemarket.GoogleMarketPaymentUtil$1 a
com.scoreloop.client.android.core.paymentprovider.googlemarket.GoogleMarketPaymentUtil$1$1: GoogleMarketPaymentUtil$1$1(com.scoreloop.client.android.core.paymentprovider.googlemarket.GoogleMarketPaymentUtil$1)
com.scoreloop.client.android.core.paymentprovider.googlemarket.GoogleMarketPaymentUtil$1$1: void requestControllerDidFail(com.scoreloop.client.android.core.controller.RequestController,java.lang.Exception)
com.scoreloop.client.android.core.paymentprovider.googlemarket.GoogleMarketPaymentUtil$1$1: void requestControllerDidReceiveResponse(com.scoreloop.client.android.core.controller.RequestController)
com.scoreloop.client.android.core.paymentprovider.googlemarket.GoogleMarketPaymentUtil$a
com.scoreloop.client.android.core.paymentprovider.googlemarket.GoogleMarketPaymentUtil$a: java.lang.String a
com.scoreloop.client.android.core.paymentprovider.googlemarket.GoogleMarketPaymentUtil$a: java.lang.String b
com.scoreloop.client.android.core.paymentprovider.googlemarket.GoogleMarketPaymentUtil$a: GoogleMarketPaymentUtil$a(java.lang.String,java.lang.String)
com.scoreloop.client.android.core.paymentprovider.googlemarket.GoogleMarketPaymentUtil$a: void a(org.json.JSONObject)
com.scoreloop.client.android.core.paymentprovider.googlemarket.GoogleMarketPendingPaymentProcessorModule
com.scoreloop.client.android.core.paymentprovider.googlemarket.GoogleMarketPendingPaymentProcessorModule: com.scoreloop.client.android.core.paymentprovider.googlemarket.BillingService a
com.scoreloop.client.android.core.paymentprovider.googlemarket.GoogleMarketPendingPaymentProcessorModule: java.util.List b
com.scoreloop.client.android.core.paymentprovider.googlemarket.GoogleMarketPendingPaymentProcessorModule: com.scoreloop.client.android.core.model.Session c
com.scoreloop.client.android.core.paymentprovider.googlemarket.GoogleMarketPendingPaymentProcessorModule: GoogleMarketPendingPaymentProcessorModule()
com.scoreloop.client.android.core.paymentprovider.googlemarket.GoogleMarketPendingPaymentProcessorModule: void a(com.scoreloop.client.android.core.model.Payment)
com.scoreloop.client.android.core.paymentprovider.googlemarket.GoogleMarketPendingPaymentProcessorModule: void a(java.lang.Object)
com.scoreloop.client.android.core.paymentprovider.googlemarket.GoogleMarketPendingPaymentProcessorModule: boolean a(boolean)
com.scoreloop.client.android.core.paymentprovider.googlemarket.GoogleMarketPendingPaymentProcessorModule: boolean a(android.app.PendingIntent,android.content.Intent)
com.scoreloop.client.android.core.paymentprovider.googlemarket.GoogleMarketPendingPaymentProcessorModule$1
com.scoreloop.client.android.core.paymentprovider.googlemarket.GoogleMarketPendingPaymentProcessorModule$1: com.scoreloop.client.android.core.paymentprovider.googlemarket.BillingOrder a
com.scoreloop.client.android.core.paymentprovider.googlemarket.GoogleMarketPendingPaymentProcessorModule$1: com.scoreloop.client.android.core.paymentprovider.googlemarket.GoogleMarketPendingPaymentProcessorModule b
com.scoreloop.client.android.core.paymentprovider.googlemarket.GoogleMarketPendingPaymentProcessorModule$1: GoogleMarketPendingPaymentProcessorModule$1(com.scoreloop.client.android.core.paymentprovider.googlemarket.GoogleMarketPendingPaymentProcessorModule,com.scoreloop.client.android.core.paymentprovider.googlemarket.BillingOrder)
com.scoreloop.client.android.core.paymentprovider.googlemarket.GoogleMarketPendingPaymentProcessorModule$1: void withValue(java.lang.Object,java.lang.Exception)