proguard/mapping.txt
com.scoreloop.client.android.core.model.TermsOfService -> com.scoreloop.client.android.core.model.TermsOfService:
    java.util.Date a -> a
    com.scoreloop.client.android.core.model.TermsOfService$Status b -> b
    java.lang.Integer c -> c
    java.util.Date b() -> b
    com.scoreloop.client.android.core.model.TermsOfService$Status getStatus() -> getStatus
    java.lang.Integer c() -> c
    void a(java.util.Date) -> a
    void a(com.scoreloop.client.android.core.model.TermsOfService$Status) -> a
    void a(java.lang.Integer) -> a
    org.json.JSONObject b_() -> b_
    void a(org.json.JSONObject) -> a
com.scoreloop.client.android.core.model.TermsOfService$Status -> com.scoreloop.client.android.core.model.TermsOfService$Status:
    com.scoreloop.client.android.core.model.TermsOfService$Status ACCEPTED -> ACCEPTED
    com.scoreloop.client.android.core.model.TermsOfService$Status OUTDATED -> OUTDATED
    com.scoreloop.client.android.core.model.TermsOfService$Status PENDING -> PENDING
    com.scoreloop.client.android.core.model.TermsOfService$Status REJECTED -> REJECTED
    int a -> a
    com.scoreloop.client.android.core.model.TermsOfService$Status[] b -> b
    com.scoreloop.client.android.core.model.TermsOfService$Status[] values() -> values
    com.scoreloop.client.android.core.model.TermsOfService$Status valueOf(java.lang.String) -> valueOf
    com.scoreloop.client.android.core.model.TermsOfService$Status a(int) -> a
com.scoreloop.client.android.core.model.TermsOfServiceStore -> com.scoreloop.client.android.core.model.TermsOfServiceStore:
    void a(com.scoreloop.client.android.core.model.TermsOfService) -> a
com.scoreloop.client.android.core.model.User -> com.scoreloop.client.android.core.model.User:
    java.util.Map c -> c
    java.lang.String a -> a
    boolean d -> d
    java.lang.Integer e -> e
    java.lang.String f -> f
    java.lang.Integer g -> g
    java.util.List h -> h
    com.scoreloop.client.android.core.model.ContextMap i -> i
    java.lang.Long j -> j
    com.scoreloop.client.android.core.model.User$Details k -> k
    java.lang.String l -> l
    boolean m -> m
    java.lang.String n -> n
    java.lang.Integer o -> o
    java.lang.Integer p -> p
    java.lang.String q -> q
    java.lang.String r -> r
    java.lang.String s -> s
    java.lang.String t -> t
    java.lang.String u -> u
    java.lang.String v -> v
    java.util.List w -> w
    java.util.Map x -> x
    com.scoreloop.client.android.core.model.User$a y -> y
    void a(java.lang.Object) -> a
    void assignImage(com.scoreloop.client.android.core.model.Image,com.scoreloop.client.android.core.model.Continuation) -> assignImage
    boolean equals(java.lang.Object) -> equals
    com.scoreloop.client.android.core.model.Money c() -> c
    java.lang.Integer getBuddiesCounter() -> getBuddiesCounter
    java.util.List getBuddyUsers() -> getBuddyUsers
    java.util.Map getContext() -> getContext
    java.lang.Long d() -> d
    com.scoreloop.client.android.core.model.User$Details getDetail() -> getDetail
    java.lang.String e() -> e
    java.lang.String getDisplayName() -> getDisplayName
com.scoreloop.client.android.core.model.User$1 -> com.scoreloop.client.android.core.model.User$1:
    com.scoreloop.client.android.core.model.Image a -> a
    com.scoreloop.client.android.core.model.Continuation b -> b
    com.scoreloop.client.android.core.model.User c -> c
    void onPostExecute(java.lang.Object) -> onPostExecute
    java.lang.Object doInBackground(java.lang.Object[]) -> doInBackground
com.scoreloop.client.android.core.model.User$Details -> com.scoreloop.client.android.core.model.User$Details:
    java.lang.Integer a -> a
    java.lang.Integer b -> b
    java.lang.Double c -> c
    java.lang.Integer getChallengesLost() -> getChallengesLost
    java.lang.Integer getChallengesWon() -> getChallengesWon
    java.lang.Double getWinningProbability() -> getWinningProbability
    void a(org.json.JSONObject) -> a