proguard/usage.txt
com.google.gson.f$b:
    public synthetic java.lang.Object deserialize(com.google.gson.JsonElement,java.lang.reflect.Type,com.google.gson.JsonDeserializationContext)
com.google.gson.f$c:
    public synthetic java.lang.Object deserialize(com.google.gson.JsonElement,java.lang.reflect.Type,com.google.gson.JsonDeserializationContext)
com.google.gson.f$d:
    public synthetic java.lang.Object deserialize(com.google.gson.JsonElement,java.lang.reflect.Type,com.google.gson.JsonDeserializationContext)
com.google.gson.f$e:
    public synthetic java.lang.Object deserialize(com.google.gson.JsonElement,java.lang.reflect.Type,com.google.gson.JsonDeserializationContext)
com.google.gson.f$f:
    public final synthetic java.lang.Object deserialize(com.google.gson.JsonElement,java.lang.reflect.Type,com.google.gson.JsonDeserializationContext)
    public final synthetic java.lang.Object createInstance(java.lang.reflect.Type)
com.google.gson.f$g:
    f$g(java.lang.String)
    public f$g(int,int)
    private java.util.Date a(com.google.gson.JsonElement)
    public synthetic java.lang.Object deserialize(com.google.gson.JsonElement,java.lang.reflect.Type,com.google.gson.JsonDeserializationContext)
com.google.gson.f$h:
    private java.sql.Date a(com.google.gson.JsonElement)
    public final synthetic java.lang.Object deserialize(com.google.gson.JsonElement,java.lang.reflect.Type,com.google.gson.JsonDeserializationContext)
com.google.gson.f$i:
    private java.sql.Time a(com.google.gson.JsonElement)
    public final synthetic java.lang.Object deserialize(com.google.gson.JsonElement,java.lang.reflect.Type,com.google.gson.JsonDeserializationContext)
com.google.gson.f$j:
    public final synthetic java.lang.Object deserialize(com.google.gson.JsonElement,java.lang.reflect.Type,com.google.gson.JsonDeserializationContext)
com.google.gson.f$k:
    public synthetic java.lang.Object deserialize(com.google.gson.JsonElement,java.lang.reflect.Type,com.google.gson.JsonDeserializationContext)
com.google.gson.f$m:
    public synthetic java.lang.Object deserialize(com.google.gson.JsonElement,java.lang.reflect.Type,com.google.gson.JsonDeserializationContext)
com.google.gson.f$n:
    public synthetic java.lang.Object deserialize(com.google.gson.JsonElement,java.lang.reflect.Type,com.google.gson.JsonDeserializationContext)
com.google.gson.f$p:
    public synthetic java.lang.Object deserialize(com.google.gson.JsonElement,java.lang.reflect.Type,com.google.gson.JsonDeserializationContext)
com.google.gson.f$q:
    public synthetic java.lang.Object createInstance(java.lang.reflect.Type)
com.google.gson.f$r:
    public synthetic java.lang.Object deserialize(com.google.gson.JsonElement,java.lang.reflect.Type,com.google.gson.JsonDeserializationContext)
com.google.gson.f$s:
    public synthetic java.lang.Object deserialize(com.google.gson.JsonElement,java.lang.reflect.Type,com.google.gson.JsonDeserializationContext)
com.google.gson.f$t:
    public synthetic java.lang.Object deserialize(com.google.gson.JsonElement,java.lang.reflect.Type,com.google.gson.JsonDeserializationContext)
com.google.gson.f$v:
    public synthetic java.lang.Object deserialize(com.google.gson.JsonElement,java.lang.reflect.Type,com.google.gson.JsonDeserializationContext)
    public synthetic java.lang.Object createInstance(java.lang.reflect.Type)
com.google.gson.f$w:
    public synthetic java.lang.Object deserialize(com.google.gson.JsonElement,java.lang.reflect.Type,com.google.gson.JsonDeserializationContext)
com.google.gson.f$x:
    public final synthetic java.lang.Object createInstance(java.lang.reflect.Type)
com.google.gson.f$y:
    public synthetic java.lang.Object deserialize(com.google.gson.JsonElement,java.lang.reflect.Type,com.google.gson.JsonDeserializationContext)
com.google.gson.f$z:
    public synthetic java.lang.Object deserialize(com.google.gson.JsonElement,java.lang.reflect.Type,com.google.gson.JsonDeserializationContext)
com.google.gson.i
com.google.gson.j
com.google.gson.l
com.google.gson.n